# JRE version: Java(TM) SE Runtime Environment (7.0_71-b14) (build 1.7.0_71-b14)
# Java VM: Java HotSpot(TM) 64-Bit Server VM (24.71-b01 mixed mode bsd-amd64 compressed oops)
Heap
 PSYoungGen      total 226816K, used 209920K [0x00000007eaa80000, 0x00000007fe280000, 0x0000000800000000)
  eden space 209920K, 100% used [0x00000007eaa80000,0x00000007f7780000,0x00000007f7780000)
  from space 16896K, 0% used [0x00000007f7780000,0x00000007f7780000,0x00000007f8800000)
  to   space 54784K, 21% used [0x00000007fad00000,0x00000007fb869a50,0x00000007fe280000)
 ParOldGen       total 201728K, used 93535K [0x00000007c0000000, 0x00000007cc500000, 0x00000007eaa80000)
  object space 201728K, 46% used [0x00000007c0000000,0x00000007c5b57c88,0x00000007cc500000)
 PSPermGen       total 145408K, used 105233K [0x00000007b0000000, 0x00000007b8e00000, 0x00000007c0000000)
  object space 145408K, 72% used [0x00000007b0000000,0x00000007b66c4440,0x00000007b8e00000)
GC Heap History (10 events):
Event: 931.012 GC heap after
Heap after GC invocations=32 (full 6):
 PSYoungGen      total 258560K, used 22798K [0x00000007eaa80000, 0x00000007fd800000, 0x0000000800000000)
  eden space 227840K, 0% used [0x00000007eaa80000,0x00000007eaa80000,0x00000007f8900000)
  from space 30720K, 74% used [0x00000007fba00000,0x00000007fd0439d8,0x00000007fd800000)
  to   space 40448K, 0% used [0x00000007f8900000,0x00000007f8900000,0x00000007fb080000)
 ParOldGen       total 201728K, used 147365K [0x00000007c0000000, 0x00000007cc500000, 0x00000007eaa80000)
  object space 201728K, 73% used [0x00000007c0000000,0x00000007c8fe9630,0x00000007cc500000)
 PSPermGen       total 165888K, used 125982K [0x00000007b0000000, 0x00000007ba200000, 0x00000007c0000000)
  object space 165888K, 75% used [0x00000007b0000000,0x00000007b7b07830,0x00000007ba200000)
}
Event: 941.165 GC heap before
{Heap before GC invocations=33 (full 6):
 PSYoungGen      total 258560K, used 250638K [0x00000007eaa80000, 0x00000007fd800000, 0x0000000800000000)
  eden space 227840K, 100% used [0x00000007eaa80000,0x00000007f8900000,0x00000007f8900000)
  from space 30720K, 74% used [0x00000007fba00000,0x00000007fd0439d8,0x00000007fd800000)
  to   space 40448K, 0% used [0x00000007f8900000,0x00000007f8900000,0x00000007fb080000)
 ParOldGen       total 201728K, used 147365K [0x00000007c0000000, 0x00000007cc500000, 0x00000007eaa80000)
  object space 201728K, 73% used [0x00000007c0000000,0x00000007c8fe9630,0x00000007cc500000)
 PSPermGen       total 165888K, used 134610K [0x00000007b0000000, 0x00000007ba200000, 0x00000007c0000000)
  object space 165888K, 81% used [0x00000007b0000000,0x00000007b8374b08,0x00000007ba200000)
Event: 941.212 GC heap after
Heap after GC invocations=33 (full 6):
 PSYoungGen      total 259072K, used 40429K [0x00000007eaa80000, 0x00000007fdb00000, 0x0000000800000000)
  eden space 218624K, 0% used [0x00000007eaa80000,0x00000007eaa80000,0x00000007f8000000)
  from space 40448K, 99% used [0x00000007f8900000,0x00000007fb07b5b8,0x00000007fb080000)
  to   space 43520K, 0% used [0x00000007fb080000,0x00000007fb080000,0x00000007fdb00000)
 ParOldGen       total 201728K, used 147407K [0x00000007c0000000, 0x00000007cc500000, 0x00000007eaa80000)
  object space 201728K, 73% used [0x00000007c0000000,0x00000007c8ff3c40,0x00000007cc500000)
 PSPermGen       total 165888K, used 134610K [0x00000007b0000000, 0x00000007ba200000, 0x00000007c0000000)
  object space 165888K, 81% used [0x00000007b0000000,0x00000007b8374b08,0x00000007ba200000)
}
Event: 1739.597 GC heap before
{Heap before GC invocations=34 (full 6):
 PSYoungGen      total 259072K, used 259053K [0x00000007eaa80000, 0x00000007fdb00000, 0x0000000800000000)
  eden space 218624K, 100% used [0x00000007eaa80000,0x00000007f8000000,0x00000007f8000000)
  from space 40448K, 99% used [0x00000007f8900000,0x00000007fb07b5b8,0x00000007fb080000)
  to   space 43520K, 0% used [0x00000007fb080000,0x00000007fb080000,0x00000007fdb00000)
 ParOldGen       total 201728K, used 147407K [0x00000007c0000000, 0x00000007cc500000, 0x00000007eaa80000)
  object space 201728K, 73% used [0x00000007c0000000,0x00000007c8ff3c40,0x00000007cc500000)
 PSPermGen       total 165888K, used 143839K [0x00000007b0000000, 0x00000007ba200000, 0x00000007c0000000)
  object space 165888K, 86% used [0x00000007b0000000,0x00000007b8c77d90,0x00000007ba200000)
Event: 1739.676 GC heap after
Heap after GC invocations=34 (full 6):
 PSYoungGen      total 253440K, used 43497K [0x00000007eaa80000, 0x00000007fe680000, 0x0000000800000000)
  eden space 209920K, 0% used [0x00000007eaa80000,0x00000007eaa80000,0x00000007f7780000)
  from space 43520K, 99% used [0x00000007fb080000,0x00000007fdafa4f8,0x00000007fdb00000)
  to   space 56832K, 0% used [0x00000007f7780000,0x00000007f7780000,0x00000007faf00000)
 ParOldGen       total 201728K, used 158564K [0x00000007c0000000, 0x00000007cc500000, 0x00000007eaa80000)
  object space 201728K, 78% used [0x00000007c0000000,0x00000007c9ad9098,0x00000007cc500000)
 PSPermGen       total 165888K, used 143839K [0x00000007b0000000, 0x00000007ba200000, 0x00000007c0000000)
  object space 165888K, 86% used [0x00000007b0000000,0x00000007b8c77d90,0x00000007ba200000)
}
Event: 1751.190 GC heap before
{Heap before GC invocations=35 (full 6):
 PSYoungGen      total 253440K, used 102610K [0x00000007eaa80000, 0x00000007fe680000, 0x0000000800000000)
  eden space 209920K, 28% used [0x00000007eaa80000,0x00000007ee43a528,0x00000007f7780000)
  from space 43520K, 99% used [0x00000007fb080000,0x00000007fdafa4f8,0x00000007fdb00000)
  to   space 56832K, 0% used [0x00000007f7780000,0x00000007f7780000,0x00000007faf00000)
 ParOldGen       total 201728K, used 158564K [0x00000007c0000000, 0x00000007cc500000, 0x00000007eaa80000)
  object space 201728K, 78% used [0x00000007c0000000,0x00000007c9ad9098,0x00000007cc500000)
 PSPermGen       total 165888K, used 144875K [0x00000007b0000000, 0x00000007ba200000, 0x00000007c0000000)
  object space 165888K, 87% used [0x00000007b0000000,0x00000007b8d7ac28,0x00000007ba200000)
Event: 1751.299 GC heap after
Heap after GC invocations=35 (full 6):
 PSYoungGen      total 226816K, used 16442K [0x00000007eaa80000, 0x00000007fe280000, 0x0000000800000000)
  eden space 209920K, 0% used [0x00000007eaa80000,0x00000007eaa80000,0x00000007f7780000)
  from space 16896K, 97% used [0x00000007f7780000,0x00000007f878eab0,0x00000007f8800000)
  to   space 54784K, 0% used [0x00000007fad00000,0x00000007fad00000,0x00000007fe280000)
 ParOldGen       total 201728K, used 185349K [0x00000007c0000000, 0x00000007cc500000, 0x00000007eaa80000)
  object space 201728K, 91% used [0x00000007c0000000,0x00000007cb501598,0x00000007cc500000)
 PSPermGen       total 165888K, used 144875K [0x00000007b0000000, 0x00000007ba200000, 0x00000007c0000000)
  object space 165888K, 87% used [0x00000007b0000000,0x00000007b8d7ac28,0x00000007ba200000)
}
Event: 1751.299 GC heap before
{Heap before GC invocations=36 (full 7):
 PSYoungGen      total 226816K, used 16442K [0x00000007eaa80000, 0x00000007fe280000, 0x0000000800000000)
  eden space 209920K, 0% used [0x00000007eaa80000,0x00000007eaa80000,0x00000007f7780000)
  from space 16896K, 97% used [0x00000007f7780000,0x00000007f878eab0,0x00000007f8800000)
  to   space 54784K, 0% used [0x00000007fad00000,0x00000007fad00000,0x00000007fe280000)
 ParOldGen       total 201728K, used 185349K [0x00000007c0000000, 0x00000007cc500000, 0x00000007eaa80000)
  object space 201728K, 91% used [0x00000007c0000000,0x00000007cb501598,0x00000007cc500000)
 PSPermGen       total 165888K, used 144875K [0x00000007b0000000, 0x00000007ba200000, 0x00000007c0000000)
  object space 165888K, 87% used [0x00000007b0000000,0x00000007b8d7ac28,0x00000007ba200000)
Event: 1752.538 GC heap after
Heap after GC invocations=36 (full 7):
 PSYoungGen      total 226816K, used 0K [0x00000007eaa80000, 0x00000007fe280000, 0x0000000800000000)
  eden space 209920K, 0% used [0x00000007eaa80000,0x00000007eaa80000,0x00000007f7780000)
  from space 16896K, 0% used [0x00000007f7780000,0x00000007f7780000,0x00000007f8800000)
  to   space 54784K, 0% used [0x00000007fad00000,0x00000007fad00000,0x00000007fe280000)
 ParOldGen       total 201728K, used 93535K [0x00000007c0000000, 0x00000007cc500000, 0x00000007eaa80000)
  object space 201728K, 46% used [0x00000007c0000000,0x00000007c5b57c88,0x00000007cc500000)
 PSPermGen       total 145408K, used 96623K [0x00000007b0000000, 0x00000007b8e00000, 0x00000007c0000000)
  object space 145408K, 66% used [0x00000007b0000000,0x00000007b5e5be10,0x00000007b8e00000)
}
Event: 2704.460 GC heap before
{Heap before GC invocations=37 (full 7):
 PSYoungGen      total 226816K, used 209920K [0x00000007eaa80000, 0x00000007fe280000, 0x0000000800000000)
  eden space 209920K, 100% used [0x00000007eaa80000,0x00000007f7780000,0x00000007f7780000)
  from space 16896K, 0% used [0x00000007f7780000,0x00000007f7780000,0x00000007f8800000)
  to   space 54784K, 0% used [0x00000007fad00000,0x00000007fad00000,0x00000007fe280000)
 ParOldGen       total 201728K, used 93535K [0x00000007c0000000, 0x00000007cc500000, 0x00000007eaa80000)
  object space 201728K, 46% used [0x00000007c0000000,0x00000007c5b57c88,0x00000007cc500000)
 PSPermGen       total 145408K, used 105233K [0x00000007b0000000, 0x00000007b8e00000, 0x00000007c0000000)
  object space 145408K, 72% used [0x00000007b0000000,0x00000007b66c4440,0x00000007b8e00000)

